2026-01-01 14:42:10,324 [INFO] [SESSION] active_chat_id=dfc09681-d42a-4627-8029-3637503e1401
2026-01-01 14:43:03,642 [INFO] [SESSION] active_chat_id=dfc09681-d42a-4627-8029-3637503e1401
2026-01-01 14:44:22,843 [INFO] [SESSION] active_chat_id=dfc09681-d42a-4627-8029-3637503e1401
2026-01-01 14:44:58,739 [INFO] [SESSION] active_chat_id=dfc09681-d42a-4627-8029-3637503e1401
2026-01-01 14:48:09,903 [INFO] [SESSION] active_chat_id=dfc09681-d42a-4627-8029-3637503e1401
2026-01-01 14:48:41,648 [INFO] [SESSION] active_chat_id=dfc09681-d42a-4627-8029-3637503e1401
2026-01-01 14:48:57,066 [INFO] [SESSION] active_chat_id=dfc09681-d42a-4627-8029-3637503e1401
2026-01-01 14:52:22,095 [INFO] [GUARD] Reset stale generating state. started_at=1767246543.098358 now=1767246742.095795 stale_sec=180
2026-01-01 14:52:59,247 [INFO] [NEWS] saved: news_9b682279d64b439a84935a70af8a196b.txt fulltext=False len=54
2026-01-01 14:52:59,248 [INFO] [NEWS] saved: news_526e2ac82fe942398d500efa78cd1abf.txt fulltext=False len=46
2026-01-01 14:52:59,249 [INFO] [NEWS] saved: news_5d4a347dd83643e4af407f2563cbf00b.txt fulltext=False len=66
2026-01-01 14:52:59,249 [INFO] [NEWS] saved: news_8d53d95f006f4046804554bb0262d582.txt fulltext=False len=38
2026-01-01 14:52:59,250 [INFO] [NEWS] saved: news_f5daa7ae002c44aa98c1ddf9a0b9524a.txt fulltext=False len=38
2026-01-01 14:52:59,251 [INFO] [NEWS] saved: news_f050ee7bdce84e8f99af23b94278db96.txt fulltext=False len=40
2026-01-01 14:52:59,252 [INFO] [NEWS] saved: news_98c31efc8e6b44c88b9298c009881708.txt fulltext=False len=37
2026-01-01 14:52:59,252 [INFO] [NEWS] saved: news_01a3fdbd5f764b92935c48adecc551ae.txt fulltext=False len=37
2026-01-01 14:52:59,253 [INFO] [NEWS] saved: news_30c8b80cfb9b442f9fb960e9fc4bedea.txt fulltext=False len=84
2026-01-01 14:52:59,254 [INFO] [NEWS] saved: news_12a2f9beae1d443eb4ee8a92e9c307e4.txt fulltext=False len=48
2026-01-01 14:52:59,254 [INFO] [NEWS] saved: news_f59ce76d02004ab6b563dbd384a2f2d6.txt fulltext=False len=47
2026-01-01 14:52:59,254 [INFO] [NEWS] saved: news_9f661971a59c48dc99d10528ddfbd0d5.txt fulltext=False len=57
2026-01-01 14:52:59,255 [INFO] [NEWS] saved: news_a416990baa664e778b6044957c63adbb.txt fulltext=False len=37
2026-01-01 14:52:59,256 [INFO] [NEWS] saved: news_f448cf0e21b342d38011c649ab78b691.txt fulltext=False len=46
2026-01-01 14:52:59,257 [INFO] [NEWS] saved: news_9698c861f0eb43359500c4553f1eac0b.txt fulltext=False len=39
2026-01-01 14:52:59,257 [INFO] [NEWS] saved: news_4511090771af444aad6dbcc78dd3c501.txt fulltext=False len=55
2026-01-01 14:52:59,258 [INFO] [NEWS] saved: news_f7e890ee7b0b44b391f97573aa9a8c9f.txt fulltext=False len=56
2026-01-01 14:52:59,259 [INFO] [NEWS] saved: news_a681990f4cce48a9bc62bed88284280a.txt fulltext=False len=42
2026-01-01 14:52:59,259 [INFO] [NEWS] saved: news_9de8c3cc67014b0d9b0f2eb56f484756.txt fulltext=False len=46
2026-01-01 14:52:59,260 [INFO] [NEWS] saved: news_734d6f6615374a9da095d14786cc9940.txt fulltext=False len=43
2026-01-01 14:52:59,260 [INFO] [NEWS] saved: news_7ac205e899b2478aa6b9332cfd1da32f.txt fulltext=False len=45
2026-01-01 14:52:59,261 [INFO] [NEWS] saved: news_eb309c5844ac4cab8dc7769efdf15dbd.txt fulltext=False len=50
2026-01-01 14:52:59,262 [INFO] [NEWS] saved: news_79d3eaaaabd74d00a370fe957fc5c243.txt fulltext=False len=47
2026-01-01 14:52:59,262 [INFO] [NEWS] saved: news_5d12ba30e7a34acb9a8479c4e7578f03.txt fulltext=False len=62
2026-01-01 14:52:59,263 [INFO] [NEWS] saved: news_8d8955b73d4a40698691a208f95ca952.txt fulltext=False len=46
2026-01-01 14:52:59,264 [INFO] [NEWS] saved: news_46bed53b973b488880308a7f406b521d.txt fulltext=False len=35
2026-01-01 14:52:59,264 [INFO] [NEWS] saved: news_f22cabbbcf7d461a9ebef3bae1e8527f.txt fulltext=False len=31
2026-01-01 14:52:59,265 [INFO] [NEWS] saved: news_5eaf35bc23ff46188adf90b103943db6.txt fulltext=False len=32
2026-01-01 14:52:59,266 [INFO] [NEWS] saved: news_e2e31a4135624fb5b72a721165ee03b8.txt fulltext=False len=50
2026-01-01 14:52:59,266 [INFO] [NEWS] saved: news_2e74ec45995c40939daad28e95f742ff.txt fulltext=False len=57
2026-01-01 14:52:59,267 [INFO] [NEWS] saved: news_a45d4f85317b46148e2bc257a756a481.txt fulltext=False len=64
2026-01-01 14:52:59,268 [INFO] [NEWS] saved: news_a89edbce2af64331978d82e5cc219bb7.txt fulltext=False len=56
2026-01-01 14:52:59,269 [INFO] [NEWS] saved: news_d42e3a7adfbe43dcb2e49fb3833f3d68.txt fulltext=False len=42
2026-01-01 14:52:59,269 [INFO] [NEWS] saved: news_51ab07de7a584f3b92d1f6d1895024dc.txt fulltext=False len=40
2026-01-01 14:52:59,270 [INFO] [NEWS] saved: news_0292f9e043354781927549395f56b48a.txt fulltext=False len=39
2026-01-01 14:52:59,271 [INFO] [NEWS] saved: news_c4012c3ee7fc497fabd9c688dcf92014.txt fulltext=False len=46
2026-01-01 14:52:59,271 [INFO] [NEWS] saved: news_9f6d8d98d7a9454cb90929e002e267e6.txt fulltext=False len=63
2026-01-01 14:52:59,272 [INFO] [NEWS] saved: news_fd651b07500b444bb514172b0244a54a.txt fulltext=False len=34
2026-01-01 14:52:59,273 [INFO] [NEWS] saved: news_f840cfd34fd546a289d10b644e0c8186.txt fulltext=False len=62
2026-01-01 14:52:59,273 [INFO] [NEWS] saved: news_311c2ef0d8e64d62940216dc7894234f.txt fulltext=False len=48
2026-01-01 14:52:59,274 [INFO] [NEWS] created 40 new files
2026-01-01 14:53:07,380 [INFO] [NEWS] VectorDB updated: added_chunks=1, total_vectors=1, reason=changed_or_new: news_01a3fdbd5f764b92935c48adecc551ae.txt
2026-01-01 14:53:11,794 [INFO] [NEWS] VectorDB updated: added_chunks=1, total_vectors=2, reason=changed_or_new: news_01a3fdbd5f764b92935c48adecc551ae.txt
2026-01-01 14:59:15,629 [INFO] [SESSION] active_chat_id=dfc09681-d42a-4627-8029-3637503e1401
2026-01-01 14:59:35,757 [INFO] [SESSION] active_chat_id=dfc09681-d42a-4627-8029-3637503e1401
2026-01-01 16:29:22,454 [INFO] [SESSION] active_chat_id=dfc09681-d42a-4627-8029-3637503e1401
2026-01-01 16:29:22,455 [INFO] [CHAT_STORE] hydrated 6 messages into session dfc09681-d42a-4627-8029-3637503e1401
2026-01-01 16:29:46,183 [INFO] [SESSION] active_chat_id=dfc09681-d42a-4627-8029-3637503e1401
2026-01-01 16:29:46,184 [INFO] [CHAT_STORE] hydrated 6 messages into session dfc09681-d42a-4627-8029-3637503e1401
2026-01-01 16:29:50,496 [INFO] [SESSION] active_chat_id=dfc09681-d42a-4627-8029-3637503e1401
2026-01-01 16:29:50,497 [INFO] [CHAT_STORE] hydrated 6 messages into session dfc09681-d42a-4627-8029-3637503e1401
2026-01-01 16:33:20,953 [INFO] [GUARD] Reset stale generating state. started_at=1767252599.790007 now=1767252800.9535081 stale_sec=180
2026-01-01 16:33:43,201 [INFO] [SESSION] active_chat_id=11960d19-3c25-4174-ac56-b272fd5b562e
2026-01-01 16:33:46,684 [INFO] [SESSION] active_chat_id=dfc09681-d42a-4627-8029-3637503e1401
2026-01-01 16:39:55,915 [INFO] [WORKER] started (heartbeat_ts=1767253195.91562)
2026-01-01 16:39:56,080 [INFO] [SESSION] active_chat_id=dfc09681-d42a-4627-8029-3637503e1401
2026-01-01 16:39:56,081 [INFO] [CHAT_STORE] hydrated 8 messages into session dfc09681-d42a-4627-8029-3637503e1401
2026-01-01 16:40:47,304 [INFO] [WORKER] started (heartbeat_ts=1767253247.304054)
2026-01-01 16:40:47,477 [INFO] [SESSION] active_chat_id=dfc09681-d42a-4627-8029-3637503e1401
2026-01-01 16:40:47,478 [INFO] [CHAT_STORE] hydrated 8 messages into session dfc09681-d42a-4627-8029-3637503e1401
2026-01-01 16:40:57,349 [INFO] [WORKER] heartbeat (ts=1767253257.349368)
2026-01-01 16:41:07,396 [INFO] [WORKER] heartbeat (ts=1767253267.3966541)
2026-01-01 16:41:17,428 [INFO] [WORKER] heartbeat (ts=1767253277.4285681)
2026-01-01 16:41:27,466 [INFO] [WORKER] heartbeat (ts=1767253287.466468)
2026-01-01 16:41:37,505 [INFO] [WORKER] heartbeat (ts=1767253297.505712)
2026-01-01 16:41:47,540 [INFO] [WORKER] heartbeat (ts=1767253307.540294)
2026-01-01 16:41:57,578 [INFO] [WORKER] heartbeat (ts=1767253317.57846)
2026-01-01 16:42:07,610 [INFO] [WORKER] heartbeat (ts=1767253327.61016)
2026-01-01 16:42:17,648 [INFO] [WORKER] heartbeat (ts=1767253337.6480682)
2026-01-01 16:42:27,696 [INFO] [WORKER] heartbeat (ts=1767253347.696118)
2026-01-01 16:42:37,730 [INFO] [WORKER] heartbeat (ts=1767253357.7308211)
2026-01-01 16:42:47,767 [INFO] [WORKER] heartbeat (ts=1767253367.7677472)
2026-01-01 16:42:57,806 [INFO] [WORKER] heartbeat (ts=1767253377.80641)
2026-01-01 16:43:07,844 [INFO] [WORKER] heartbeat (ts=1767253387.844278)
2026-01-01 16:43:17,880 [INFO] [WORKER] heartbeat (ts=1767253397.8802629)
2026-01-01 16:43:27,918 [INFO] [WORKER] heartbeat (ts=1767253407.9180238)
2026-01-01 16:43:37,952 [INFO] [WORKER] heartbeat (ts=1767253417.952391)
2026-01-01 16:43:48,080 [INFO] [WORKER] heartbeat (ts=1767253428.0806038)
2026-01-01 16:43:58,121 [INFO] [WORKER] heartbeat (ts=1767253438.121129)
2026-01-01 16:44:08,164 [INFO] [WORKER] heartbeat (ts=1767253448.1642802)
2026-01-01 16:44:18,202 [INFO] [WORKER] heartbeat (ts=1767253458.202333)
2026-01-01 16:44:28,235 [INFO] [WORKER] heartbeat (ts=1767253468.235755)
2026-01-01 16:44:38,272 [INFO] [WORKER] heartbeat (ts=1767253478.272541)
2026-01-01 16:44:48,305 [INFO] [WORKER] heartbeat (ts=1767253488.305425)
2026-01-01 16:44:58,343 [INFO] [WORKER] heartbeat (ts=1767253498.3431711)
2026-01-01 16:45:08,382 [INFO] [WORKER] heartbeat (ts=1767253508.381996)
2026-01-01 16:45:18,419 [INFO] [WORKER] heartbeat (ts=1767253518.419574)
2026-01-01 16:45:28,453 [INFO] [WORKER] heartbeat (ts=1767253528.453282)
2026-01-01 16:45:38,491 [INFO] [WORKER] heartbeat (ts=1767253538.491359)
2026-01-01 16:45:48,526 [INFO] [WORKER] heartbeat (ts=1767253548.526232)
2026-01-01 16:45:58,560 [INFO] [WORKER] heartbeat (ts=1767253558.5604968)
2026-01-01 16:46:08,596 [INFO] [WORKER] heartbeat (ts=1767253568.5969129)
2026-01-01 16:46:18,624 [INFO] [WORKER] heartbeat (ts=1767253578.6242292)
2026-01-01 16:46:28,647 [INFO] [WORKER] heartbeat (ts=1767253588.6469388)
2026-01-01 16:46:38,682 [INFO] [WORKER] heartbeat (ts=1767253598.682428)
2026-01-01 16:46:48,717 [INFO] [WORKER] heartbeat (ts=1767253608.7170079)
2026-01-01 16:46:58,746 [INFO] [WORKER] heartbeat (ts=1767253618.746333)
2026-01-01 16:47:08,781 [INFO] [WORKER] heartbeat (ts=1767253628.781827)
2026-01-01 16:47:18,809 [INFO] [WORKER] heartbeat (ts=1767253638.809921)
2026-01-01 16:47:28,847 [INFO] [WORKER] heartbeat (ts=1767253648.847202)
2026-01-01 16:47:38,892 [INFO] [WORKER] heartbeat (ts=1767253658.8919868)
2026-01-01 16:47:48,916 [INFO] [WORKER] heartbeat (ts=1767253668.91671)
2026-01-01 16:47:58,957 [INFO] [WORKER] heartbeat (ts=1767253678.957433)
2026-01-01 16:48:08,995 [INFO] [WORKER] heartbeat (ts=1767253688.9958458)
2026-01-01 16:48:19,091 [INFO] [WORKER] heartbeat (ts=1767253699.091017)
2026-01-01 16:48:29,127 [INFO] [WORKER] heartbeat (ts=1767253709.127821)
2026-01-01 16:48:39,164 [INFO] [WORKER] heartbeat (ts=1767253719.164166)
2026-01-01 16:48:49,199 [INFO] [WORKER] heartbeat (ts=1767253729.199028)
2026-01-01 16:48:59,236 [INFO] [WORKER] heartbeat (ts=1767253739.2367392)
2026-01-01 16:49:09,268 [INFO] [WORKER] heartbeat (ts=1767253749.268778)
2026-01-01 16:49:26,077 [INFO] [WORKER] started (heartbeat_ts=1767253766.0770738)
2026-01-01 16:49:26,270 [INFO] [SESSION] active_chat_id=dfc09681-d42a-4627-8029-3637503e1401
2026-01-01 16:49:26,270 [INFO] [CHAT_STORE] hydrated 8 messages into session dfc09681-d42a-4627-8029-3637503e1401
2026-01-01 16:49:36,110 [INFO] [WORKER] heartbeat (ts=1767253776.110838)
2026-01-01 16:49:46,155 [INFO] [WORKER] heartbeat (ts=1767253786.155214)
2026-01-01 16:49:55,145 [INFO] [SESSION] active_chat_id=dfc09681-d42a-4627-8029-3637503e1401
2026-01-01 16:49:55,146 [INFO] [CHAT_STORE] hydrated 8 messages into session dfc09681-d42a-4627-8029-3637503e1401
2026-01-01 16:49:56,259 [INFO] [WORKER] heartbeat (ts=1767253796.259261)
2026-01-01 16:50:06,290 [INFO] [WORKER] heartbeat (ts=1767253806.290088)
2026-01-01 16:50:16,329 [INFO] [WORKER] heartbeat (ts=1767253816.3290071)
2026-01-01 16:50:26,375 [INFO] [WORKER] heartbeat (ts=1767253826.37552)
2026-01-01 16:50:36,414 [INFO] [WORKER] heartbeat (ts=1767253836.414062)
2026-01-01 16:50:46,455 [INFO] [WORKER] heartbeat (ts=1767253846.455006)
2026-01-01 16:50:56,492 [INFO] [WORKER] heartbeat (ts=1767253856.492178)
2026-01-01 16:51:06,526 [INFO] [WORKER] heartbeat (ts=1767253866.526361)
2026-01-01 16:51:16,566 [INFO] [WORKER] heartbeat (ts=1767253876.566315)
2026-01-01 16:51:26,601 [INFO] [WORKER] heartbeat (ts=1767253886.6015291)
2026-01-01 16:51:36,637 [INFO] [WORKER] heartbeat (ts=1767253896.6374688)
2026-01-01 16:51:46,672 [INFO] [WORKER] heartbeat (ts=1767253906.672707)
2026-01-01 16:51:56,716 [INFO] [WORKER] heartbeat (ts=1767253916.71594)
2026-01-01 16:52:06,757 [INFO] [WORKER] heartbeat (ts=1767253926.7572649)
2026-01-01 16:52:16,798 [INFO] [WORKER] heartbeat (ts=1767253936.798848)
2026-01-01 16:52:26,871 [INFO] [WORKER] heartbeat (ts=1767253946.871685)
2026-01-01 16:52:36,907 [INFO] [WORKER] heartbeat (ts=1767253956.907042)
2026-01-01 16:52:46,943 [INFO] [WORKER] heartbeat (ts=1767253966.943819)
2026-01-01 16:52:56,982 [INFO] [WORKER] heartbeat (ts=1767253976.982635)
2026-01-01 16:53:07,016 [INFO] [WORKER] heartbeat (ts=1767253987.0168571)
2026-01-01 16:53:17,054 [INFO] [WORKER] heartbeat (ts=1767253997.0540538)
2026-01-01 16:53:27,102 [INFO] [WORKER] heartbeat (ts=1767254007.1024508)
2026-01-01 16:53:37,145 [INFO] [WORKER] heartbeat (ts=1767254017.1456141)
2026-01-01 16:53:47,183 [INFO] [WORKER] heartbeat (ts=1767254027.183239)
2026-01-01 16:53:57,221 [INFO] [WORKER] heartbeat (ts=1767254037.221285)
2026-01-01 16:54:07,259 [INFO] [WORKER] heartbeat (ts=1767254047.259053)
2026-01-01 16:54:17,302 [INFO] [WORKER] heartbeat (ts=1767254057.301923)
2026-01-01 16:54:27,349 [INFO] [WORKER] heartbeat (ts=1767254067.349154)
2026-01-01 16:54:37,386 [INFO] [WORKER] heartbeat (ts=1767254077.386055)
2026-01-01 16:54:47,432 [INFO] [WORKER] heartbeat (ts=1767254087.4323819)
2026-01-01 16:54:57,471 [INFO] [WORKER] heartbeat (ts=1767254097.471034)
2026-01-01 16:55:07,513 [INFO] [WORKER] heartbeat (ts=1767254107.513331)
2026-01-01 16:55:17,544 [INFO] [WORKER] heartbeat (ts=1767254117.5445719)
2026-01-01 16:55:27,591 [INFO] [WORKER] heartbeat (ts=1767254127.591448)
2026-01-01 16:55:37,632 [INFO] [WORKER] heartbeat (ts=1767254137.632799)
2026-01-01 16:55:47,683 [INFO] [WORKER] heartbeat (ts=1767254147.68319)
2026-01-01 16:55:57,713 [INFO] [WORKER] heartbeat (ts=1767254157.71294)
2026-01-01 16:56:07,750 [INFO] [WORKER] heartbeat (ts=1767254167.750388)
2026-01-01 16:56:17,788 [INFO] [WORKER] heartbeat (ts=1767254177.788838)
2026-01-01 16:56:27,873 [INFO] [WORKER] heartbeat (ts=1767254187.873526)
2026-01-01 16:56:37,914 [INFO] [WORKER] heartbeat (ts=1767254197.914577)
2026-01-01 16:56:47,954 [INFO] [WORKER] heartbeat (ts=1767254207.9547908)
2026-01-01 16:56:57,987 [INFO] [WORKER] heartbeat (ts=1767254217.987199)
2026-01-01 16:57:08,029 [INFO] [WORKER] heartbeat (ts=1767254228.028936)
2026-01-01 16:57:18,072 [INFO] [WORKER] heartbeat (ts=1767254238.0724201)
2026-01-01 16:57:28,111 [INFO] [WORKER] heartbeat (ts=1767254248.110949)
2026-01-01 16:57:38,170 [INFO] [WORKER] heartbeat (ts=1767254258.1701639)
2026-01-01 16:57:48,240 [INFO] [WORKER] heartbeat (ts=1767254268.240504)
2026-01-01 16:57:58,298 [INFO] [WORKER] heartbeat (ts=1767254278.2983181)
2026-01-01 16:58:08,365 [INFO] [WORKER] heartbeat (ts=1767254288.364935)
2026-01-01 16:58:18,431 [INFO] [WORKER] heartbeat (ts=1767254298.43137)
2026-01-01 16:58:28,491 [INFO] [WORKER] heartbeat (ts=1767254308.4917219)
2026-01-01 16:58:38,555 [INFO] [WORKER] heartbeat (ts=1767254318.555541)
2026-01-01 16:58:48,619 [INFO] [WORKER] heartbeat (ts=1767254328.6195571)
2026-01-01 16:58:58,685 [INFO] [WORKER] heartbeat (ts=1767254338.6849248)
2026-01-01 16:59:08,744 [INFO] [WORKER] heartbeat (ts=1767254348.744748)
2026-01-01 16:59:18,799 [INFO] [WORKER] heartbeat (ts=1767254358.7991529)
2026-01-01 16:59:28,874 [INFO] [WORKER] heartbeat (ts=1767254368.874568)
2026-01-01 17:00:06,186 [INFO] [NEWS] saved: news_1ee81b1382104caf83744f89bfa1a389.txt fulltext=False len=46
2026-01-01 17:00:06,186 [INFO] [NEWS] saved: news_545dbbc246d14d1db7654ae21b7af752.txt fulltext=False len=51
2026-01-01 17:00:06,187 [INFO] [NEWS] saved: news_b46a2d2d4ff24c68ae53cf286bcd44e7.txt fulltext=False len=44
2026-01-01 17:00:06,188 [INFO] [NEWS] saved: news_9ededf695def439b849e32323bd7b7bb.txt fulltext=False len=36
2026-01-01 17:00:06,188 [INFO] [NEWS] created 4 new files
2026-01-01 17:00:13,876 [INFO] [NEWS] VectorDB updated: added_chunks=1, total_vectors=1, reason=changed_or_new: news_01a3fdbd5f764b92935c48adecc551ae.txt
2026-01-01 17:00:16,923 [INFO] [NEWS] VectorDB updated: added_chunks=1, total_vectors=2, reason=changed_or_new: news_0292f9e043354781927549395f56b48a.txt
2026-01-01 17:00:22,452 [INFO] [NEWS] VectorDB updated: added_chunks=1, total_vectors=3, reason=changed_or_new: news_12a2f9beae1d443eb4ee8a92e9c307e4.txt
2026-01-01 17:00:25,376 [INFO] [NEWS] VectorDB updated: added_chunks=1, total_vectors=4, reason=changed_or_new: news_1ee81b1382104caf83744f89bfa1a389.txt
2026-01-01 17:00:28,569 [INFO] [NEWS] VectorDB updated: added_chunks=1, total_vectors=5, reason=changed_or_new: news_2e74ec45995c40939daad28e95f742ff.txt
2026-01-01 17:00:33,008 [INFO] [NEWS] VectorDB updated: added_chunks=1, total_vectors=6, reason=changed_or_new: news_30c8b80cfb9b442f9fb960e9fc4bedea.txt
2026-01-01 17:00:36,503 [INFO] [NEWS] VectorDB updated: added_chunks=1, total_vectors=7, reason=changed_or_new: news_311c2ef0d8e64d62940216dc7894234f.txt
2026-01-01 17:00:39,752 [INFO] [NEWS] VectorDB updated: added_chunks=1, total_vectors=8, reason=changed_or_new: news_4511090771af444aad6dbcc78dd3c501.txt
2026-01-01 17:00:43,225 [INFO] [NEWS] VectorDB updated: added_chunks=1, total_vectors=9, reason=changed_or_new: news_46bed53b973b488880308a7f406b521d.txt
2026-01-01 17:00:45,536 [INFO] [NEWS] VectorDB updated: added_chunks=1, total_vectors=10, reason=changed_or_new: news_51ab07de7a584f3b92d1f6d1895024dc.txt
2026-01-01 17:00:49,825 [INFO] [NEWS] VectorDB updated: added_chunks=1, total_vectors=11, reason=changed_or_new: news_526e2ac82fe942398d500efa78cd1abf.txt
2026-01-01 17:00:53,059 [INFO] [NEWS] VectorDB updated: added_chunks=1, total_vectors=12, reason=changed_or_new: news_545dbbc246d14d1db7654ae21b7af752.txt
2026-01-01 17:00:56,976 [INFO] [NEWS] VectorDB updated: added_chunks=1, total_vectors=13, reason=changed_or_new: news_5d12ba30e7a34acb9a8479c4e7578f03.txt
2026-01-01 17:01:00,184 [INFO] [NEWS] VectorDB updated: added_chunks=1, total_vectors=14, reason=changed_or_new: news_5d4a347dd83643e4af407f2563cbf00b.txt
2026-01-01 17:01:02,795 [INFO] [NEWS] VectorDB updated: added_chunks=1, total_vectors=15, reason=changed_or_new: news_5eaf35bc23ff46188adf90b103943db6.txt
2026-01-01 17:01:05,736 [INFO] [NEWS] VectorDB updated: added_chunks=1, total_vectors=16, reason=changed_or_new: news_734d6f6615374a9da095d14786cc9940.txt
2026-01-01 17:01:08,599 [INFO] [NEWS] VectorDB updated: added_chunks=1, total_vectors=17, reason=changed_or_new: news_79d3eaaaabd74d00a370fe957fc5c243.txt
2026-01-01 17:01:11,551 [INFO] [NEWS] VectorDB updated: added_chunks=1, total_vectors=18, reason=changed_or_new: news_7ac205e899b2478aa6b9332cfd1da32f.txt
2026-01-01 17:01:14,171 [INFO] [NEWS] VectorDB updated: added_chunks=1, total_vectors=19, reason=changed_or_new: news_8d53d95f006f4046804554bb0262d582.txt
2026-01-01 17:01:17,393 [INFO] [NEWS] VectorDB updated: added_chunks=1, total_vectors=20, reason=changed_or_new: news_8d8955b73d4a40698691a208f95ca952.txt
2026-01-01 17:01:21,244 [INFO] [NEWS] VectorDB updated: added_chunks=1, total_vectors=21, reason=changed_or_new: news_9698c861f0eb43359500c4553f1eac0b.txt
2026-01-01 17:01:24,150 [INFO] [NEWS] VectorDB updated: added_chunks=1, total_vectors=22, reason=changed_or_new: news_98c31efc8e6b44c88b9298c009881708.txt
2026-01-01 17:01:27,159 [INFO] [NEWS] VectorDB updated: added_chunks=1, total_vectors=23, reason=changed_or_new: news_9b682279d64b439a84935a70af8a196b.txt
2026-01-01 17:01:31,037 [INFO] [NEWS] VectorDB updated: added_chunks=1, total_vectors=24, reason=changed_or_new: news_9de8c3cc67014b0d9b0f2eb56f484756.txt
2026-01-01 17:01:33,666 [INFO] [NEWS] VectorDB updated: added_chunks=1, total_vectors=25, reason=changed_or_new: news_9ededf695def439b849e32323bd7b7bb.txt
2026-01-01 17:01:36,910 [INFO] [NEWS] VectorDB updated: added_chunks=1, total_vectors=26, reason=changed_or_new: news_9f661971a59c48dc99d10528ddfbd0d5.txt
2026-01-01 17:01:40,163 [INFO] [NEWS] VectorDB updated: added_chunks=1, total_vectors=27, reason=changed_or_new: news_9f6d8d98d7a9454cb90929e002e267e6.txt
2026-01-01 17:01:43,347 [INFO] [NEWS] VectorDB updated: added_chunks=1, total_vectors=28, reason=changed_or_new: news_a416990baa664e778b6044957c63adbb.txt
2026-01-01 17:01:46,915 [INFO] [NEWS] VectorDB updated: added_chunks=1, total_vectors=29, reason=changed_or_new: news_a45d4f85317b46148e2bc257a756a481.txt
2026-01-01 17:01:49,519 [INFO] [NEWS] VectorDB updated: added_chunks=1, total_vectors=30, reason=changed_or_new: news_a681990f4cce48a9bc62bed88284280a.txt
2026-01-01 17:01:53,049 [INFO] [NEWS] VectorDB updated: added_chunks=1, total_vectors=31, reason=changed_or_new: news_a89edbce2af64331978d82e5cc219bb7.txt
2026-01-01 17:01:55,680 [INFO] [NEWS] VectorDB updated: added_chunks=1, total_vectors=32, reason=changed_or_new: news_b46a2d2d4ff24c68ae53cf286bcd44e7.txt
2026-01-01 17:01:58,640 [INFO] [NEWS] VectorDB updated: added_chunks=1, total_vectors=33, reason=changed_or_new: news_c4012c3ee7fc497fabd9c688dcf92014.txt
2026-01-01 17:02:02,711 [INFO] [NEWS] VectorDB updated: added_chunks=1, total_vectors=34, reason=changed_or_new: news_d42e3a7adfbe43dcb2e49fb3833f3d68.txt
2026-01-01 17:02:05,909 [INFO] [NEWS] VectorDB updated: added_chunks=1, total_vectors=35, reason=changed_or_new: news_e2e31a4135624fb5b72a721165ee03b8.txt
2026-01-01 17:02:08,878 [INFO] [NEWS] VectorDB updated: added_chunks=1, total_vectors=36, reason=changed_or_new: news_eb309c5844ac4cab8dc7769efdf15dbd.txt
2026-01-01 17:02:11,752 [INFO] [NEWS] VectorDB updated: added_chunks=1, total_vectors=37, reason=changed_or_new: news_f050ee7bdce84e8f99af23b94278db96.txt
2026-01-01 17:02:15,274 [INFO] [NEWS] VectorDB updated: added_chunks=1, total_vectors=38, reason=changed_or_new: news_f22cabbbcf7d461a9ebef3bae1e8527f.txt
2026-01-01 17:02:18,196 [INFO] [NEWS] VectorDB updated: added_chunks=1, total_vectors=39, reason=changed_or_new: news_f448cf0e21b342d38011c649ab78b691.txt
2026-01-01 17:02:22,387 [INFO] [NEWS] VectorDB updated: added_chunks=1, total_vectors=40, reason=changed_or_new: news_f59ce76d02004ab6b563dbd384a2f2d6.txt
2026-01-01 17:02:25,010 [INFO] [NEWS] VectorDB updated: added_chunks=1, total_vectors=41, reason=changed_or_new: news_f5daa7ae002c44aa98c1ddf9a0b9524a.txt
2026-01-01 17:02:28,250 [INFO] [NEWS] VectorDB updated: added_chunks=1, total_vectors=42, reason=changed_or_new: news_f7e890ee7b0b44b391f97573aa9a8c9f.txt
2026-01-01 17:02:31,793 [INFO] [NEWS] VectorDB updated: added_chunks=1, total_vectors=43, reason=changed_or_new: news_f840cfd34fd546a289d10b644e0c8186.txt
2026-01-01 17:02:35,266 [INFO] [NEWS] VectorDB updated: added_chunks=1, total_vectors=44, reason=changed_or_new: news_fd651b07500b444bb514172b0244a54a.txt
2026-01-01 17:02:35,274 [INFO] [WORKER] sync done. pdf_added_chunks=0, news_created_files=4, news_added_chunks=44
2026-01-01 17:02:45,354 [INFO] [WORKER] heartbeat (ts=1767254565.3544981)
2026-01-01 17:02:55,426 [INFO] [WORKER] heartbeat (ts=1767254575.42673)
2026-01-01 17:03:05,481 [INFO] [WORKER] heartbeat (ts=1767254585.481129)
2026-01-01 17:03:15,546 [INFO] [WORKER] heartbeat (ts=1767254595.5468822)
2026-01-01 17:03:25,619 [INFO] [WORKER] heartbeat (ts=1767254605.618834)
2026-01-01 17:03:35,684 [INFO] [WORKER] heartbeat (ts=1767254615.6840189)
2026-01-01 17:03:45,757 [INFO] [WORKER] heartbeat (ts=1767254625.7575848)
2026-01-01 17:03:55,835 [INFO] [WORKER] heartbeat (ts=1767254635.834924)
2026-01-01 17:04:05,930 [INFO] [WORKER] heartbeat (ts=1767254645.930717)
2026-01-01 17:04:15,986 [INFO] [WORKER] heartbeat (ts=1767254655.986451)
2026-01-01 17:04:26,057 [INFO] [WORKER] heartbeat (ts=1767254666.057687)
2026-01-01 17:04:36,124 [INFO] [WORKER] heartbeat (ts=1767254676.124727)
2026-01-01 17:04:46,200 [INFO] [WORKER] heartbeat (ts=1767254686.2005088)
2026-01-01 17:04:56,286 [INFO] [WORKER] heartbeat (ts=1767254696.2869)
2026-01-01 17:05:06,345 [INFO] [WORKER] heartbeat (ts=1767254706.345803)
2026-01-01 17:05:16,402 [INFO] [WORKER] heartbeat (ts=1767254716.401985)
2026-01-01 17:05:26,481 [INFO] [WORKER] heartbeat (ts=1767254726.481431)
2026-01-01 17:05:36,547 [INFO] [WORKER] heartbeat (ts=1767254736.54781)
2026-01-01 17:05:46,621 [INFO] [WORKER] heartbeat (ts=1767254746.621067)
2026-01-01 17:05:56,692 [INFO] [WORKER] heartbeat (ts=1767254756.692359)
2026-01-01 17:06:06,758 [INFO] [WORKER] heartbeat (ts=1767254766.758532)
2026-01-01 17:06:16,830 [INFO] [WORKER] heartbeat (ts=1767254776.830148)
2026-01-01 17:06:26,878 [INFO] [WORKER] heartbeat (ts=1767254786.8782332)
2026-01-01 17:06:36,948 [INFO] [WORKER] heartbeat (ts=1767254796.94841)
2026-01-01 17:06:47,013 [INFO] [WORKER] heartbeat (ts=1767254807.0133839)
2026-01-01 17:06:57,086 [INFO] [WORKER] heartbeat (ts=1767254817.086477)
2026-01-01 17:07:07,152 [INFO] [WORKER] heartbeat (ts=1767254827.152658)
2026-01-01 17:07:17,235 [INFO] [WORKER] heartbeat (ts=1767254837.2356951)
2026-01-01 17:07:27,306 [INFO] [WORKER] heartbeat (ts=1767254847.306253)
2026-01-01 17:07:37,379 [INFO] [WORKER] heartbeat (ts=1767254857.379881)
2026-01-01 17:07:47,433 [INFO] [WORKER] heartbeat (ts=1767254867.4333599)
2026-01-01 17:07:57,498 [INFO] [WORKER] heartbeat (ts=1767254877.4980822)
2026-01-01 17:08:07,566 [INFO] [WORKER] heartbeat (ts=1767254887.566421)
2026-01-01 17:08:17,628 [INFO] [WORKER] heartbeat (ts=1767254897.628829)
2026-01-01 17:08:27,699 [INFO] [WORKER] heartbeat (ts=1767254907.699297)
2026-01-01 17:08:37,762 [INFO] [WORKER] heartbeat (ts=1767254917.76258)
2026-01-01 17:08:47,843 [INFO] [WORKER] heartbeat (ts=1767254927.8436852)
2026-01-01 17:08:57,918 [INFO] [WORKER] heartbeat (ts=1767254937.9179)
2026-01-01 17:09:07,968 [INFO] [WORKER] heartbeat (ts=1767254947.967978)
2026-01-01 17:09:18,029 [INFO] [WORKER] heartbeat (ts=1767254958.0291982)
2026-01-01 17:09:28,107 [INFO] [WORKER] heartbeat (ts=1767254968.107668)
2026-01-01 17:09:38,161 [INFO] [WORKER] heartbeat (ts=1767254978.161072)
2026-01-01 17:09:48,243 [INFO] [WORKER] heartbeat (ts=1767254988.2436008)
2026-01-01 17:09:58,315 [INFO] [WORKER] heartbeat (ts=1767254998.315064)
2026-01-01 17:10:08,379 [INFO] [WORKER] heartbeat (ts=1767255008.379501)
2026-01-01 17:10:18,458 [INFO] [WORKER] heartbeat (ts=1767255018.4580271)
2026-01-01 17:10:28,537 [INFO] [WORKER] heartbeat (ts=1767255028.536932)
2026-01-01 17:10:38,597 [INFO] [WORKER] heartbeat (ts=1767255038.5975711)
2026-01-01 17:10:48,683 [INFO] [WORKER] heartbeat (ts=1767255048.683017)
2026-01-01 17:10:58,756 [INFO] [WORKER] heartbeat (ts=1767255058.756654)
2026-01-01 17:11:08,816 [INFO] [WORKER] heartbeat (ts=1767255068.8165278)
2026-01-01 17:11:18,888 [INFO] [WORKER] heartbeat (ts=1767255078.888277)
2026-01-01 17:11:28,956 [INFO] [WORKER] heartbeat (ts=1767255088.956553)
2026-01-01 17:11:39,012 [INFO] [WORKER] heartbeat (ts=1767255099.0109298)
2026-01-01 17:11:49,087 [INFO] [WORKER] heartbeat (ts=1767255109.0872571)
2026-01-01 17:11:59,156 [INFO] [WORKER] heartbeat (ts=1767255119.1559098)
2026-01-01 17:12:09,224 [INFO] [WORKER] heartbeat (ts=1767255129.2239769)
2026-01-01 17:12:19,289 [INFO] [WORKER] heartbeat (ts=1767255139.2890508)
2026-01-01 17:12:29,347 [INFO] [WORKER] heartbeat (ts=1767255149.347095)
2026-01-01 17:12:39,427 [INFO] [WORKER] heartbeat (ts=1767255159.4275)
2026-01-01 17:13:21,397 [INFO] [WORKER] sync done. pdf_added_chunks=0, news_created_files=0, news_added_chunks=0
2026-01-01 17:13:31,461 [INFO] [WORKER] heartbeat (ts=1767255211.461727)
2026-01-01 17:13:41,543 [INFO] [WORKER] heartbeat (ts=1767255221.5437)
2026-01-01 17:13:51,602 [INFO] [WORKER] heartbeat (ts=1767255231.602885)
2026-01-01 17:14:01,678 [INFO] [WORKER] heartbeat (ts=1767255241.676498)
2026-01-01 17:14:11,723 [INFO] [WORKER] heartbeat (ts=1767255251.72309)
2026-01-01 17:14:21,766 [INFO] [WORKER] heartbeat (ts=1767255261.7668009)
2026-01-01 17:14:31,873 [INFO] [WORKER] heartbeat (ts=1767255271.873884)
2026-01-01 17:14:41,914 [INFO] [WORKER] heartbeat (ts=1767255281.914291)
2026-01-01 17:14:51,964 [INFO] [WORKER] heartbeat (ts=1767255291.964719)
2026-01-01 17:15:02,000 [INFO] [WORKER] heartbeat (ts=1767255302.00003)
2026-01-01 17:15:12,037 [INFO] [WORKER] heartbeat (ts=1767255312.037338)
2026-01-01 17:15:22,078 [INFO] [WORKER] heartbeat (ts=1767255322.078706)
2026-01-01 17:15:32,117 [INFO] [WORKER] heartbeat (ts=1767255332.116996)
2026-01-01 17:15:42,162 [INFO] [WORKER] heartbeat (ts=1767255342.1626198)
2026-01-01 17:15:52,201 [INFO] [WORKER] heartbeat (ts=1767255352.201022)
2026-01-01 17:16:02,248 [INFO] [WORKER] heartbeat (ts=1767255362.248317)
2026-01-01 17:16:12,274 [INFO] [WORKER] heartbeat (ts=1767255372.274797)
2026-01-01 17:16:22,311 [INFO] [WORKER] heartbeat (ts=1767255382.3111749)
2026-01-01 17:16:32,351 [INFO] [WORKER] heartbeat (ts=1767255392.3517811)
2026-01-01 17:16:42,387 [INFO] [WORKER] heartbeat (ts=1767255402.387504)
2026-01-01 17:16:52,427 [INFO] [WORKER] heartbeat (ts=1767255412.427853)
2026-01-01 17:17:02,461 [INFO] [WORKER] heartbeat (ts=1767255422.460999)
2026-01-01 17:17:12,503 [INFO] [WORKER] heartbeat (ts=1767255432.5030558)
2026-01-01 17:17:22,536 [INFO] [WORKER] heartbeat (ts=1767255442.53681)
2026-01-01 17:17:32,574 [INFO] [WORKER] heartbeat (ts=1767255452.573911)
2026-01-01 17:17:42,611 [INFO] [WORKER] heartbeat (ts=1767255462.611653)
2026-01-01 17:17:52,647 [INFO] [WORKER] heartbeat (ts=1767255472.647031)
2026-01-01 17:18:02,673 [INFO] [WORKER] heartbeat (ts=1767255482.673568)
2026-01-01 17:18:12,720 [INFO] [WORKER] heartbeat (ts=1767255492.720445)
2026-01-01 17:18:22,747 [INFO] [WORKER] heartbeat (ts=1767255502.747236)
2026-01-01 17:18:32,774 [INFO] [WORKER] heartbeat (ts=1767255512.774385)
2026-01-01 17:18:42,811 [INFO] [WORKER] heartbeat (ts=1767255522.811471)
2026-01-01 17:18:52,843 [INFO] [WORKER] heartbeat (ts=1767255532.843234)
2026-01-01 17:19:02,873 [INFO] [WORKER] heartbeat (ts=1767255542.872979)
2026-01-01 17:19:12,913 [INFO] [WORKER] heartbeat (ts=1767255552.913398)
2026-01-01 17:19:22,950 [INFO] [WORKER] heartbeat (ts=1767255562.9508858)
2026-01-01 17:19:32,993 [INFO] [WORKER] heartbeat (ts=1767255572.993726)
2026-01-01 17:19:43,031 [INFO] [WORKER] heartbeat (ts=1767255583.0313962)
2026-01-01 17:19:53,074 [INFO] [WORKER] heartbeat (ts=1767255593.074677)
2026-01-01 17:20:03,112 [INFO] [WORKER] heartbeat (ts=1767255603.1125581)
2026-01-01 17:20:13,150 [INFO] [WORKER] heartbeat (ts=1767255613.150516)
2026-01-01 17:20:23,250 [INFO] [WORKER] heartbeat (ts=1767255623.2503371)
2026-01-01 17:20:33,288 [INFO] [WORKER] heartbeat (ts=1767255633.288054)
2026-01-01 17:20:43,325 [INFO] [WORKER] heartbeat (ts=1767255643.325546)
2026-01-01 17:20:53,363 [INFO] [WORKER] heartbeat (ts=1767255653.363873)
2026-01-01 17:21:03,403 [INFO] [WORKER] heartbeat (ts=1767255663.4037492)
2026-01-01 17:21:13,436 [INFO] [WORKER] heartbeat (ts=1767255673.436214)
2026-01-01 17:21:23,473 [INFO] [WORKER] heartbeat (ts=1767255683.4731462)
2026-01-01 17:21:33,512 [INFO] [WORKER] heartbeat (ts=1767255693.5125601)
2026-01-01 17:21:43,549 [INFO] [WORKER] heartbeat (ts=1767255703.549533)
2026-01-01 17:21:53,596 [INFO] [WORKER] heartbeat (ts=1767255713.595926)
2026-01-01 17:22:03,635 [INFO] [WORKER] heartbeat (ts=1767255723.6349702)
2026-01-01 17:22:13,671 [INFO] [WORKER] heartbeat (ts=1767255733.671083)
2026-01-01 17:22:23,706 [INFO] [WORKER] heartbeat (ts=1767255743.7063549)
2026-01-01 17:22:33,748 [INFO] [WORKER] heartbeat (ts=1767255753.7486458)
2026-01-01 17:22:43,802 [INFO] [WORKER] heartbeat (ts=1767255763.801962)
2026-01-01 17:22:53,844 [INFO] [WORKER] heartbeat (ts=1767255773.8442261)
2026-01-01 17:23:03,879 [INFO] [WORKER] heartbeat (ts=1767255783.879818)
2026-01-01 17:23:13,920 [INFO] [WORKER] heartbeat (ts=1767255793.920508)
2026-01-01 17:23:23,954 [INFO] [WORKER] heartbeat (ts=1767255803.954766)
2026-01-01 17:24:05,669 [INFO] [NEWS] saved: news_3ae26c75bbfe49d688bc3e21acae9e7a.txt fulltext=False len=39
2026-01-01 17:24:05,670 [INFO] [NEWS] created 1 new files
2026-01-01 17:24:12,340 [INFO] [NEWS] VectorDB updated: added_chunks=1, total_vectors=45, reason=changed_or_new: news_3ae26c75bbfe49d688bc3e21acae9e7a.txt
2026-01-01 17:24:12,345 [INFO] [WORKER] sync done. pdf_added_chunks=0, news_created_files=1, news_added_chunks=1
2026-01-01 17:24:22,398 [INFO] [WORKER] heartbeat (ts=1767255862.3982651)
2026-01-01 17:24:32,434 [INFO] [WORKER] heartbeat (ts=1767255872.43463)
2026-01-01 17:24:42,478 [INFO] [WORKER] heartbeat (ts=1767255882.4782221)
2026-01-01 17:24:52,511 [INFO] [WORKER] heartbeat (ts=1767255892.5116951)
2026-01-01 17:25:02,545 [INFO] [WORKER] heartbeat (ts=1767255902.545603)
2026-01-01 17:25:12,580 [INFO] [WORKER] heartbeat (ts=1767255912.580744)
2026-01-01 17:25:22,616 [INFO] [WORKER] heartbeat (ts=1767255922.616596)
2026-01-01 17:25:32,648 [INFO] [WORKER] heartbeat (ts=1767255932.64826)
2026-01-01 17:25:42,686 [INFO] [WORKER] heartbeat (ts=1767255942.686826)
2026-01-01 17:25:52,720 [INFO] [WORKER] heartbeat (ts=1767255952.720906)
2026-01-01 17:26:02,756 [INFO] [WORKER] heartbeat (ts=1767255962.7564511)
2026-01-01 17:26:12,787 [INFO] [WORKER] heartbeat (ts=1767255972.7870562)
2026-01-01 17:26:22,824 [INFO] [WORKER] heartbeat (ts=1767255982.824507)
2026-01-01 17:26:32,856 [INFO] [WORKER] heartbeat (ts=1767255992.856589)
2026-01-01 17:26:42,894 [INFO] [WORKER] heartbeat (ts=1767256002.894578)
2026-01-01 17:26:52,928 [INFO] [WORKER] heartbeat (ts=1767256012.928083)
2026-01-01 17:27:02,963 [INFO] [WORKER] heartbeat (ts=1767256022.9634519)
2026-01-01 17:27:10,040 [INFO] [SESSION] active_chat_id=11960d19-3c25-4174-ac56-b272fd5b562e
2026-01-01 17:27:13,043 [INFO] [WORKER] heartbeat (ts=1767256033.0438201)
2026-01-01 17:27:23,085 [INFO] [WORKER] heartbeat (ts=1767256043.085237)
2026-01-01 17:27:33,124 [INFO] [WORKER] heartbeat (ts=1767256053.1245801)
2026-01-01 17:27:43,159 [INFO] [WORKER] heartbeat (ts=1767256063.159203)
2026-01-01 17:27:53,186 [INFO] [WORKER] heartbeat (ts=1767256073.186153)
2026-01-01 17:28:03,226 [INFO] [WORKER] heartbeat (ts=1767256083.226562)
2026-01-01 17:28:13,263 [INFO] [WORKER] heartbeat (ts=1767256093.2630029)
2026-01-01 17:28:23,301 [INFO] [WORKER] heartbeat (ts=1767256103.301236)
2026-01-01 17:28:33,342 [INFO] [WORKER] heartbeat (ts=1767256113.3420942)
2026-01-01 17:28:43,373 [INFO] [WORKER] heartbeat (ts=1767256123.373031)
2026-01-01 17:28:53,411 [INFO] [WORKER] heartbeat (ts=1767256133.4117272)
2026-01-01 17:29:03,439 [INFO] [WORKER] heartbeat (ts=1767256143.43923)
2026-01-01 17:29:13,477 [INFO] [WORKER] heartbeat (ts=1767256153.477231)
2026-01-01 17:29:23,506 [INFO] [WORKER] heartbeat (ts=1767256163.5062919)
2026-01-01 17:29:33,536 [INFO] [WORKER] heartbeat (ts=1767256173.5362182)
2026-01-01 17:29:43,568 [INFO] [WORKER] heartbeat (ts=1767256183.5685508)
2026-01-01 17:29:53,608 [INFO] [WORKER] heartbeat (ts=1767256193.6086001)
2026-01-01 17:30:03,644 [INFO] [WORKER] heartbeat (ts=1767256203.644725)
2026-01-01 17:30:13,685 [INFO] [WORKER] heartbeat (ts=1767256213.68578)
2026-01-01 17:30:23,716 [INFO] [WORKER] heartbeat (ts=1767256223.716724)
2026-01-01 17:30:33,762 [INFO] [WORKER] heartbeat (ts=1767256233.7624488)
2026-01-01 17:30:43,803 [INFO] [WORKER] heartbeat (ts=1767256243.803345)
2026-01-01 17:30:53,850 [INFO] [WORKER] heartbeat (ts=1767256253.8503869)
2026-01-01 17:31:03,888 [INFO] [WORKER] heartbeat (ts=1767256263.888733)
2026-01-01 17:31:13,926 [INFO] [WORKER] heartbeat (ts=1767256273.926153)
2026-01-01 17:31:23,963 [INFO] [WORKER] heartbeat (ts=1767256283.963118)
2026-01-01 17:31:34,003 [INFO] [WORKER] heartbeat (ts=1767256294.002971)
2026-01-01 17:31:44,036 [INFO] [WORKER] heartbeat (ts=1767256304.036428)
2026-01-01 17:31:54,083 [INFO] [WORKER] heartbeat (ts=1767256314.083508)
2026-01-01 17:32:04,121 [INFO] [WORKER] heartbeat (ts=1767256324.121403)
2026-01-01 17:32:14,166 [INFO] [WORKER] heartbeat (ts=1767256334.166713)
2026-01-01 17:32:24,296 [INFO] [WORKER] heartbeat (ts=1767256344.296201)
2026-01-01 17:32:34,334 [INFO] [WORKER] heartbeat (ts=1767256354.3346848)
2026-01-01 17:32:44,376 [INFO] [WORKER] heartbeat (ts=1767256364.376655)
2026-01-01 17:32:54,419 [INFO] [WORKER] heartbeat (ts=1767256374.4198568)
2026-01-01 17:33:04,455 [INFO] [WORKER] heartbeat (ts=1767256384.455847)
2026-01-01 17:33:14,495 [INFO] [WORKER] heartbeat (ts=1767256394.495302)
2026-01-01 17:33:24,536 [INFO] [WORKER] heartbeat (ts=1767256404.535994)
2026-01-01 17:33:34,574 [INFO] [WORKER] heartbeat (ts=1767256414.574479)
2026-01-01 17:33:44,606 [INFO] [WORKER] heartbeat (ts=1767256424.606245)
2026-01-01 17:33:54,635 [INFO] [WORKER] heartbeat (ts=1767256434.635081)
2026-01-01 17:34:04,676 [INFO] [WORKER] heartbeat (ts=1767256444.676589)
2026-01-01 17:34:14,710 [INFO] [WORKER] heartbeat (ts=1767256454.710851)
2026-01-01 17:34:51,997 [INFO] [NEWS] saved: news_021e6df64f0b4f7087df34999d0d0e86.txt fulltext=False len=34
2026-01-01 17:34:51,998 [INFO] [NEWS] created 1 new files
2026-01-01 17:34:57,259 [INFO] [NEWS] VectorDB updated: added_chunks=1, total_vectors=46, reason=changed_or_new: news_021e6df64f0b4f7087df34999d0d0e86.txt
2026-01-01 17:34:57,260 [INFO] [WORKER] sync done. pdf_added_chunks=0, news_created_files=1, news_added_chunks=1
2026-01-01 17:35:07,341 [INFO] [WORKER] heartbeat (ts=1767256507.341405)
2026-01-01 17:35:17,377 [INFO] [WORKER] heartbeat (ts=1767256517.377897)
2026-01-01 17:35:27,416 [INFO] [WORKER] heartbeat (ts=1767256527.4167428)
2026-01-01 17:35:37,450 [INFO] [WORKER] heartbeat (ts=1767256537.450423)
2026-01-01 17:35:47,489 [INFO] [WORKER] heartbeat (ts=1767256547.4891589)
2026-01-01 17:35:57,525 [INFO] [WORKER] heartbeat (ts=1767256557.524981)
2026-01-01 17:36:07,561 [INFO] [WORKER] heartbeat (ts=1767256567.561291)
2026-01-01 17:36:17,598 [INFO] [WORKER] heartbeat (ts=1767256577.598497)
2026-01-01 17:36:27,630 [INFO] [WORKER] heartbeat (ts=1767256587.630454)
2026-01-01 17:36:37,663 [INFO] [WORKER] heartbeat (ts=1767256597.6636648)
2026-01-01 17:36:47,693 [INFO] [WORKER] heartbeat (ts=1767256607.692959)
2026-01-01 17:36:57,722 [INFO] [WORKER] heartbeat (ts=1767256617.722368)
2026-01-01 17:37:07,770 [INFO] [WORKER] heartbeat (ts=1767256627.7700522)
2026-01-01 17:37:17,811 [INFO] [WORKER] heartbeat (ts=1767256637.811083)
2026-01-01 17:37:27,841 [INFO] [WORKER] heartbeat (ts=1767256647.84111)
2026-01-01 17:37:37,883 [INFO] [WORKER] heartbeat (ts=1767256657.883476)
2026-01-01 17:37:47,926 [INFO] [WORKER] heartbeat (ts=1767256667.926232)
2026-01-01 17:37:57,952 [INFO] [WORKER] heartbeat (ts=1767256677.952234)
2026-01-01 17:38:07,988 [INFO] [WORKER] heartbeat (ts=1767256687.988872)
2026-01-01 17:38:18,029 [INFO] [WORKER] heartbeat (ts=1767256698.028948)
2026-01-01 17:38:28,072 [INFO] [WORKER] heartbeat (ts=1767256708.0726972)
2026-01-01 17:38:38,101 [INFO] [WORKER] heartbeat (ts=1767256718.1017358)
2026-01-01 17:38:48,137 [INFO] [WORKER] heartbeat (ts=1767256728.137728)
2026-01-01 17:38:58,169 [INFO] [WORKER] heartbeat (ts=1767256738.169535)
2026-01-01 17:39:08,212 [INFO] [WORKER] heartbeat (ts=1767256748.2122262)
2026-01-01 17:39:18,249 [INFO] [WORKER] heartbeat (ts=1767256758.249234)
2026-01-01 17:39:28,299 [INFO] [WORKER] heartbeat (ts=1767256768.298995)
2026-01-01 17:39:38,341 [INFO] [WORKER] heartbeat (ts=1767256778.341119)
2026-01-01 17:39:48,408 [INFO] [WORKER] heartbeat (ts=1767256788.40886)
2026-01-01 17:39:58,485 [INFO] [WORKER] heartbeat (ts=1767256798.484938)
2026-01-01 17:40:08,555 [INFO] [WORKER] heartbeat (ts=1767256808.555253)
2026-01-01 17:40:18,628 [INFO] [WORKER] heartbeat (ts=1767256818.628853)
2026-01-01 17:40:28,670 [INFO] [WORKER] heartbeat (ts=1767256828.670423)
2026-01-01 17:40:38,719 [INFO] [WORKER] heartbeat (ts=1767256838.7196329)
2026-01-01 17:40:48,783 [INFO] [WORKER] heartbeat (ts=1767256848.783818)
2026-01-01 17:40:58,864 [INFO] [WORKER] heartbeat (ts=1767256858.864894)
2026-01-01 17:41:08,948 [INFO] [WORKER] heartbeat (ts=1767256868.948134)
2026-01-01 17:41:18,996 [INFO] [WORKER] heartbeat (ts=1767256878.996053)
2026-01-01 17:41:29,070 [INFO] [WORKER] heartbeat (ts=1767256889.070446)
2026-01-01 17:41:39,139 [INFO] [WORKER] heartbeat (ts=1767256899.139323)
2026-01-01 17:41:49,202 [INFO] [WORKER] heartbeat (ts=1767256909.202195)
2026-01-01 17:41:59,273 [INFO] [WORKER] heartbeat (ts=1767256919.273026)
2026-01-01 17:42:09,368 [INFO] [WORKER] heartbeat (ts=1767256929.368643)
2026-01-01 17:42:19,434 [INFO] [WORKER] heartbeat (ts=1767256939.434551)
2026-01-01 17:42:29,498 [INFO] [WORKER] heartbeat (ts=1767256949.4986398)
2026-01-01 17:42:39,583 [INFO] [WORKER] heartbeat (ts=1767256959.583331)
2026-01-01 17:42:49,659 [INFO] [WORKER] heartbeat (ts=1767256969.6592)
2026-01-01 17:42:59,728 [INFO] [WORKER] heartbeat (ts=1767256979.7289011)
2026-01-01 17:43:09,787 [INFO] [WORKER] heartbeat (ts=1767256989.787052)
2026-01-01 17:43:19,853 [INFO] [WORKER] heartbeat (ts=1767256999.8529139)
2026-01-01 17:43:29,909 [INFO] [WORKER] heartbeat (ts=1767257009.9089332)
2026-01-01 17:43:39,984 [INFO] [WORKER] heartbeat (ts=1767257019.9846349)
2026-01-01 17:43:50,050 [INFO] [WORKER] heartbeat (ts=1767257030.050493)
2026-01-01 17:44:00,113 [INFO] [WORKER] heartbeat (ts=1767257040.113169)
2026-01-01 17:44:10,178 [INFO] [WORKER] heartbeat (ts=1767257050.178654)
2026-01-01 17:44:20,259 [INFO] [WORKER] heartbeat (ts=1767257060.2596512)
2026-01-01 17:44:30,344 [INFO] [WORKER] heartbeat (ts=1767257070.3441532)
2026-01-01 17:44:40,424 [INFO] [WORKER] heartbeat (ts=1767257080.4247081)
2026-01-01 17:44:50,499 [INFO] [WORKER] heartbeat (ts=1767257090.4998221)
2026-01-01 17:45:00,556 [INFO] [WORKER] heartbeat (ts=1767257100.556423)
2026-01-01 17:45:38,455 [INFO] [WORKER] sync done. pdf_added_chunks=0, news_created_files=0, news_added_chunks=0
2026-01-01 17:45:48,529 [INFO] [WORKER] heartbeat (ts=1767257148.529867)
2026-01-01 17:45:58,603 [INFO] [WORKER] heartbeat (ts=1767257158.60361)
2026-01-01 17:46:08,680 [INFO] [WORKER] heartbeat (ts=1767257168.6804469)
2026-01-01 17:46:18,747 [INFO] [WORKER] heartbeat (ts=1767257178.74776)
2026-01-01 17:46:28,823 [INFO] [WORKER] heartbeat (ts=1767257188.822894)
2026-01-01 17:46:38,901 [INFO] [WORKER] heartbeat (ts=1767257198.901153)
2026-01-01 17:46:48,965 [INFO] [WORKER] heartbeat (ts=1767257208.965313)
2026-01-01 17:46:59,025 [INFO] [WORKER] heartbeat (ts=1767257219.025412)
2026-01-01 17:47:09,098 [INFO] [WORKER] heartbeat (ts=1767257229.098645)
2026-01-01 17:47:19,157 [INFO] [WORKER] heartbeat (ts=1767257239.1574621)
2026-01-01 17:47:29,210 [INFO] [WORKER] heartbeat (ts=1767257249.2103198)
2026-01-01 17:47:39,291 [INFO] [WORKER] heartbeat (ts=1767257259.2909849)
2026-01-01 17:47:49,357 [INFO] [WORKER] heartbeat (ts=1767257269.357385)
2026-01-01 17:47:59,433 [INFO] [WORKER] heartbeat (ts=1767257279.433515)
2026-01-01 17:48:09,501 [INFO] [WORKER] heartbeat (ts=1767257289.5009348)
2026-01-01 17:48:19,553 [INFO] [WORKER] heartbeat (ts=1767257299.553034)
2026-01-01 17:48:29,628 [INFO] [WORKER] heartbeat (ts=1767257309.628702)
2026-01-01 17:48:39,702 [INFO] [WORKER] heartbeat (ts=1767257319.7025201)
2026-01-01 17:48:49,757 [INFO] [WORKER] heartbeat (ts=1767257329.757107)
2026-01-01 17:48:59,817 [INFO] [WORKER] heartbeat (ts=1767257339.817659)
2026-01-01 17:49:09,881 [INFO] [WORKER] heartbeat (ts=1767257349.881106)
2026-01-01 17:49:19,947 [INFO] [WORKER] heartbeat (ts=1767257359.947878)
2026-01-01 17:49:30,015 [INFO] [WORKER] heartbeat (ts=1767257370.015892)
2026-01-01 17:49:40,089 [INFO] [WORKER] heartbeat (ts=1767257380.089887)
2026-01-01 17:49:50,156 [INFO] [WORKER] heartbeat (ts=1767257390.1563678)
2026-01-01 17:50:00,324 [INFO] [WORKER] heartbeat (ts=1767257400.3249202)
2026-01-01 17:50:10,387 [INFO] [WORKER] heartbeat (ts=1767257410.38732)
2026-01-01 17:50:20,434 [INFO] [WORKER] heartbeat (ts=1767257420.4340851)
2026-01-01 17:50:30,492 [INFO] [WORKER] heartbeat (ts=1767257430.492167)
2026-01-01 17:50:40,543 [INFO] [WORKER] heartbeat (ts=1767257440.543665)
2026-01-01 17:50:50,628 [INFO] [WORKER] heartbeat (ts=1767257450.628124)
2026-01-01 17:51:00,704 [INFO] [WORKER] heartbeat (ts=1767257460.7048562)
2026-01-01 17:51:10,783 [INFO] [WORKER] heartbeat (ts=1767257470.783235)
2026-01-01 17:51:20,853 [INFO] [WORKER] heartbeat (ts=1767257480.853589)
2026-01-01 17:51:30,921 [INFO] [WORKER] heartbeat (ts=1767257490.921472)
2026-01-01 17:51:40,998 [INFO] [WORKER] heartbeat (ts=1767257500.9984581)
2026-01-01 17:51:51,083 [INFO] [WORKER] heartbeat (ts=1767257511.083852)
2026-01-01 17:52:01,148 [INFO] [WORKER] heartbeat (ts=1767257521.148679)
2026-01-01 17:52:11,230 [INFO] [WORKER] heartbeat (ts=1767257531.230171)
2026-01-01 17:52:21,299 [INFO] [WORKER] heartbeat (ts=1767257541.2991161)
2026-01-01 17:52:31,370 [INFO] [WORKER] heartbeat (ts=1767257551.3704379)
2026-01-01 17:52:41,439 [INFO] [WORKER] heartbeat (ts=1767257561.43922)
2026-01-01 17:52:51,502 [INFO] [WORKER] heartbeat (ts=1767257571.5025752)
2026-01-01 17:53:01,586 [INFO] [WORKER] heartbeat (ts=1767257581.586205)
2026-01-01 17:53:11,654 [INFO] [WORKER] heartbeat (ts=1767257591.654266)
2026-01-01 17:53:21,712 [INFO] [WORKER] heartbeat (ts=1767257601.712851)
2026-01-01 17:53:31,796 [INFO] [WORKER] heartbeat (ts=1767257611.7963362)
2026-01-01 17:53:41,862 [INFO] [WORKER] heartbeat (ts=1767257621.862647)
2026-01-01 17:53:51,931 [INFO] [WORKER] heartbeat (ts=1767257631.9315689)
2026-01-01 17:54:02,007 [INFO] [WORKER] heartbeat (ts=1767257642.007224)
2026-01-01 17:54:12,085 [INFO] [WORKER] heartbeat (ts=1767257652.085658)
2026-01-01 17:54:22,167 [INFO] [WORKER] heartbeat (ts=1767257662.1671522)
2026-01-01 17:54:32,347 [INFO] [WORKER] heartbeat (ts=1767257672.347717)
2026-01-01 17:54:42,387 [INFO] [WORKER] heartbeat (ts=1767257682.38692)
2026-01-01 17:54:52,449 [INFO] [WORKER] heartbeat (ts=1767257692.449163)
2026-01-01 17:55:02,515 [INFO] [WORKER] heartbeat (ts=1767257702.515031)
2026-01-01 17:55:12,585 [INFO] [WORKER] heartbeat (ts=1767257712.585313)
2026-01-01 17:55:22,655 [INFO] [WORKER] heartbeat (ts=1767257722.655361)
2026-01-01 17:55:32,721 [INFO] [WORKER] heartbeat (ts=1767257732.7215738)
2026-01-01 17:55:42,795 [INFO] [WORKER] heartbeat (ts=1767257742.795798)
2026-01-01 17:56:19,539 [INFO] [WORKER] sync done. pdf_added_chunks=0, news_created_files=0, news_added_chunks=0
2026-01-01 17:56:29,613 [INFO] [WORKER] heartbeat (ts=1767257789.613709)
2026-01-01 17:56:39,666 [INFO] [WORKER] heartbeat (ts=1767257799.666002)
2026-01-01 17:56:49,743 [INFO] [WORKER] heartbeat (ts=1767257809.74315)
2026-01-01 17:56:59,823 [INFO] [WORKER] heartbeat (ts=1767257819.823096)
2026-01-01 17:57:09,900 [INFO] [WORKER] heartbeat (ts=1767257829.9006321)
2026-01-01 17:57:19,964 [INFO] [WORKER] heartbeat (ts=1767257839.96462)
2026-01-01 17:57:30,026 [INFO] [WORKER] heartbeat (ts=1767257850.026865)
2026-01-01 17:57:40,096 [INFO] [WORKER] heartbeat (ts=1767257860.096357)
2026-01-01 17:57:50,164 [INFO] [WORKER] heartbeat (ts=1767257870.164205)
2026-01-01 17:58:00,339 [INFO] [WORKER] heartbeat (ts=1767257880.339535)
2026-01-01 17:58:10,400 [INFO] [WORKER] heartbeat (ts=1767257890.400342)
2026-01-01 17:58:20,491 [INFO] [WORKER] heartbeat (ts=1767257900.491286)
2026-01-01 17:58:30,573 [INFO] [WORKER] heartbeat (ts=1767257910.573138)
2026-01-01 17:58:40,656 [INFO] [WORKER] heartbeat (ts=1767257920.65647)
2026-01-01 17:58:50,741 [INFO] [WORKER] heartbeat (ts=1767257930.740907)
2026-01-01 17:59:00,815 [INFO] [WORKER] heartbeat (ts=1767257940.815823)
2026-01-01 17:59:10,888 [INFO] [WORKER] heartbeat (ts=1767257950.88887)
2026-01-01 17:59:20,957 [INFO] [WORKER] heartbeat (ts=1767257960.957119)
2026-01-01 17:59:31,047 [INFO] [WORKER] heartbeat (ts=1767257971.047766)
2026-01-01 17:59:41,112 [INFO] [WORKER] heartbeat (ts=1767257981.112799)
2026-01-01 17:59:51,178 [INFO] [WORKER] heartbeat (ts=1767257991.177917)
2026-01-01 18:00:01,339 [INFO] [WORKER] heartbeat (ts=1767258001.3392231)
2026-01-01 18:00:11,406 [INFO] [WORKER] heartbeat (ts=1767258011.406636)
2026-01-01 18:00:21,483 [INFO] [WORKER] heartbeat (ts=1767258021.48326)
2026-01-01 18:00:31,544 [INFO] [WORKER] heartbeat (ts=1767258031.5442219)
2026-01-01 18:00:41,609 [INFO] [WORKER] heartbeat (ts=1767258041.609531)
2026-01-01 18:00:51,697 [INFO] [WORKER] heartbeat (ts=1767258051.697802)
2026-01-01 18:01:01,761 [INFO] [WORKER] heartbeat (ts=1767258061.761287)
2026-01-01 18:01:11,848 [INFO] [WORKER] heartbeat (ts=1767258071.8481169)
2026-01-01 18:01:21,937 [INFO] [WORKER] heartbeat (ts=1767258081.937849)
2026-01-01 18:01:32,001 [INFO] [WORKER] heartbeat (ts=1767258092.001871)
2026-01-01 18:01:42,059 [INFO] [WORKER] heartbeat (ts=1767258102.05982)
2026-01-01 18:01:52,117 [INFO] [WORKER] heartbeat (ts=1767258112.117622)
2026-01-01 18:02:02,184 [INFO] [WORKER] heartbeat (ts=1767258122.1840022)
2026-01-01 18:02:12,253 [INFO] [WORKER] heartbeat (ts=1767258132.253531)
2026-01-01 18:02:22,327 [INFO] [WORKER] heartbeat (ts=1767258142.327384)
2026-01-01 18:02:32,398 [INFO] [WORKER] heartbeat (ts=1767258152.398273)
2026-01-01 18:02:42,465 [INFO] [WORKER] heartbeat (ts=1767258162.4651031)
2026-01-01 18:02:52,527 [INFO] [WORKER] heartbeat (ts=1767258172.527671)
2026-01-01 18:03:02,584 [INFO] [WORKER] heartbeat (ts=1767258182.5839622)
2026-01-01 18:03:12,645 [INFO] [WORKER] heartbeat (ts=1767258192.645495)
2026-01-01 18:03:22,733 [INFO] [WORKER] heartbeat (ts=1767258202.732926)
2026-01-01 18:03:32,809 [INFO] [WORKER] heartbeat (ts=1767258212.809056)
2026-01-01 18:03:42,887 [INFO] [WORKER] heartbeat (ts=1767258222.887151)
2026-01-01 18:03:52,959 [INFO] [WORKER] heartbeat (ts=1767258232.959164)
2026-01-01 18:04:03,039 [INFO] [WORKER] heartbeat (ts=1767258243.0394828)
2026-01-01 18:04:13,099 [INFO] [WORKER] heartbeat (ts=1767258253.099336)
2026-01-01 18:04:23,178 [INFO] [WORKER] heartbeat (ts=1767258263.178821)
2026-01-01 18:04:33,357 [INFO] [WORKER] heartbeat (ts=1767258273.357279)
2026-01-01 18:04:43,409 [INFO] [WORKER] heartbeat (ts=1767258283.4097369)
2026-01-01 18:04:53,444 [INFO] [WORKER] heartbeat (ts=1767258293.444086)
2026-01-01 18:05:03,500 [INFO] [WORKER] heartbeat (ts=1767258303.5008562)
2026-01-01 18:05:13,576 [INFO] [WORKER] heartbeat (ts=1767258313.575941)
2026-01-01 18:05:23,651 [INFO] [WORKER] heartbeat (ts=1767258323.65127)
2026-01-01 18:05:33,710 [INFO] [WORKER] heartbeat (ts=1767258333.710455)
2026-01-01 18:05:43,783 [INFO] [WORKER] heartbeat (ts=1767258343.783082)
2026-01-01 18:05:53,850 [INFO] [WORKER] heartbeat (ts=1767258353.850292)
2026-01-01 18:06:03,920 [INFO] [WORKER] heartbeat (ts=1767258363.920197)
2026-01-01 18:06:13,974 [INFO] [WORKER] heartbeat (ts=1767258373.9746518)
2026-01-01 18:06:24,032 [INFO] [WORKER] heartbeat (ts=1767258384.03265)
2026-01-01 18:07:06,413 [INFO] [WORKER] sync done. pdf_added_chunks=0, news_created_files=0, news_added_chunks=0
2026-01-01 18:07:16,611 [INFO] [WORKER] heartbeat (ts=1767258436.611546)
2026-01-01 18:07:26,661 [INFO] [WORKER] heartbeat (ts=1767258446.6613262)
2026-01-01 18:07:36,727 [INFO] [WORKER] heartbeat (ts=1767258456.727032)
2026-01-01 18:07:46,786 [INFO] [WORKER] heartbeat (ts=1767258466.786879)
2026-01-01 18:07:56,845 [INFO] [WORKER] heartbeat (ts=1767258476.8449438)
2026-01-01 18:08:06,903 [INFO] [WORKER] heartbeat (ts=1767258486.9035)
2026-01-01 18:08:16,986 [INFO] [WORKER] heartbeat (ts=1767258496.9861162)
2026-01-01 18:08:27,045 [INFO] [WORKER] heartbeat (ts=1767258507.045224)
2026-01-01 18:08:37,100 [INFO] [WORKER] heartbeat (ts=1767258517.100322)
2026-01-01 18:08:47,182 [INFO] [WORKER] heartbeat (ts=1767258527.182118)
2026-01-01 18:08:57,255 [INFO] [WORKER] heartbeat (ts=1767258537.255744)
2026-01-01 18:09:07,357 [INFO] [WORKER] heartbeat (ts=1767258547.3570838)
2026-01-01 18:09:17,416 [INFO] [WORKER] heartbeat (ts=1767258557.416864)
2026-01-01 18:09:27,496 [INFO] [WORKER] heartbeat (ts=1767258567.49652)
2026-01-01 18:09:37,567 [INFO] [WORKER] heartbeat (ts=1767258577.567585)
2026-01-01 18:09:47,624 [INFO] [WORKER] heartbeat (ts=1767258587.624331)
2026-01-01 18:09:57,692 [INFO] [WORKER] heartbeat (ts=1767258597.6923342)
2026-01-01 18:10:07,758 [INFO] [WORKER] heartbeat (ts=1767258607.7588549)
2026-01-01 18:10:17,826 [INFO] [WORKER] heartbeat (ts=1767258617.826474)
2026-01-01 18:10:27,887 [INFO] [WORKER] heartbeat (ts=1767258627.8869388)
2026-01-01 18:10:37,965 [INFO] [WORKER] heartbeat (ts=1767258637.965354)
2026-01-01 18:10:48,020 [INFO] [WORKER] heartbeat (ts=1767258648.020799)
2026-01-01 18:10:58,095 [INFO] [WORKER] heartbeat (ts=1767258658.095607)
2026-01-01 18:11:08,171 [INFO] [WORKER] heartbeat (ts=1767258668.171184)
2026-01-01 18:11:18,238 [INFO] [WORKER] heartbeat (ts=1767258678.2384288)
2026-01-01 18:11:28,327 [INFO] [WORKER] heartbeat (ts=1767258688.327159)
2026-01-01 18:11:38,397 [INFO] [WORKER] heartbeat (ts=1767258698.3976178)
2026-01-01 18:11:48,451 [INFO] [WORKER] heartbeat (ts=1767258708.451895)
2026-01-01 18:11:58,504 [INFO] [WORKER] heartbeat (ts=1767258718.5043478)
2026-01-01 18:12:08,572 [INFO] [WORKER] heartbeat (ts=1767258728.572444)
2026-01-01 18:12:18,641 [INFO] [WORKER] heartbeat (ts=1767258738.641522)
2026-01-01 18:12:28,700 [INFO] [WORKER] heartbeat (ts=1767258748.699969)
2026-01-01 18:12:38,786 [INFO] [WORKER] heartbeat (ts=1767258758.785919)
2026-01-01 18:12:48,866 [INFO] [WORKER] heartbeat (ts=1767258768.8663712)
2026-01-01 18:12:58,913 [INFO] [WORKER] heartbeat (ts=1767258778.9131148)
2026-01-01 18:13:08,967 [INFO] [WORKER] heartbeat (ts=1767258788.967388)
2026-01-01 18:13:19,055 [INFO] [WORKER] heartbeat (ts=1767258799.055511)
2026-01-01 18:13:29,135 [INFO] [WORKER] heartbeat (ts=1767258809.134908)
2026-01-01 18:13:39,206 [INFO] [WORKER] heartbeat (ts=1767258819.20601)
2026-01-01 18:13:49,289 [INFO] [WORKER] heartbeat (ts=1767258829.288998)
2026-01-01 18:13:59,362 [INFO] [WORKER] heartbeat (ts=1767258839.362331)
2026-01-01 18:14:09,414 [INFO] [WORKER] heartbeat (ts=1767258849.4142778)
2026-01-01 18:14:19,485 [INFO] [WORKER] heartbeat (ts=1767258859.485821)
2026-01-01 18:14:29,553 [INFO] [WORKER] heartbeat (ts=1767258869.553405)
2026-01-01 18:14:39,603 [INFO] [WORKER] heartbeat (ts=1767258879.6034088)
2026-01-01 18:14:49,665 [INFO] [WORKER] heartbeat (ts=1767258889.665032)
2026-01-01 18:14:59,712 [INFO] [WORKER] heartbeat (ts=1767258899.712628)
2026-01-01 18:15:09,789 [INFO] [WORKER] heartbeat (ts=1767258909.789081)
2026-01-01 18:15:19,835 [INFO] [WORKER] heartbeat (ts=1767258919.8355489)
2026-01-01 18:15:29,870 [INFO] [WORKER] heartbeat (ts=1767258929.8708742)
2026-01-01 18:15:39,906 [INFO] [WORKER] heartbeat (ts=1767258939.906239)
2026-01-01 18:15:49,946 [INFO] [WORKER] heartbeat (ts=1767258949.946584)
2026-01-01 18:15:59,977 [INFO] [WORKER] heartbeat (ts=1767258959.977408)
2026-01-01 18:16:10,015 [INFO] [WORKER] heartbeat (ts=1767258970.015208)
2026-01-01 18:16:30,255 [INFO] [WORKER] started (heartbeat_ts=1767258990.255075)
2026-01-01 18:16:30,444 [INFO] [SESSION] active_chat_id=dfc09681-d42a-4627-8029-3637503e1401
2026-01-01 18:16:30,445 [INFO] [CHAT_STORE] hydrated 8 messages into session dfc09681-d42a-4627-8029-3637503e1401
2026-01-01 18:16:40,285 [INFO] [WORKER] heartbeat (ts=1767259000.285491)
2026-01-01 18:16:50,323 [INFO] [WORKER] heartbeat (ts=1767259010.323809)
2026-01-01 18:17:42,355 [INFO] [WORKER] started (heartbeat_ts=1767259062.355619)
2026-01-01 18:17:42,414 [INFO] [SESSION] active_chat_id=dfc09681-d42a-4627-8029-3637503e1401
2026-01-01 18:17:42,414 [INFO] [CHAT_STORE] hydrated 8 messages into session dfc09681-d42a-4627-8029-3637503e1401
2026-01-01 18:17:52,290 [INFO] [WORKER] started (heartbeat_ts=1767259072.290398)
2026-01-01 18:17:52,347 [INFO] [SESSION] active_chat_id=dfc09681-d42a-4627-8029-3637503e1401
2026-01-01 18:17:52,347 [INFO] [CHAT_STORE] hydrated 8 messages into session dfc09681-d42a-4627-8029-3637503e1401
2026-01-01 18:18:04,210 [INFO] [WORKER] started (heartbeat_ts=1767259084.210046)
2026-01-01 18:18:04,285 [INFO] [SESSION] active_chat_id=dfc09681-d42a-4627-8029-3637503e1401
2026-01-01 18:18:04,286 [INFO] [CHAT_STORE] hydrated 8 messages into session dfc09681-d42a-4627-8029-3637503e1401
2026-01-01 18:18:14,253 [INFO] [WORKER] heartbeat (ts=1767259094.253537)
2026-01-01 18:18:24,295 [INFO] [WORKER] heartbeat (ts=1767259104.295548)
2026-01-01 18:18:33,169 [INFO] [SESSION] active_chat_id=dfc09681-d42a-4627-8029-3637503e1401
2026-01-01 18:18:33,170 [INFO] [CHAT_STORE] hydrated 8 messages into session dfc09681-d42a-4627-8029-3637503e1401
2026-01-01 18:18:34,335 [INFO] [WORKER] heartbeat (ts=1767259114.335862)
2026-01-01 18:18:44,365 [INFO] [WORKER] heartbeat (ts=1767259124.365248)
2026-01-01 18:18:54,411 [INFO] [WORKER] heartbeat (ts=1767259134.4112399)
2026-01-01 18:19:04,447 [INFO] [WORKER] heartbeat (ts=1767259144.447433)
2026-01-01 18:19:14,489 [INFO] [WORKER] heartbeat (ts=1767259154.489648)
2026-01-01 18:19:24,523 [INFO] [WORKER] heartbeat (ts=1767259164.523634)
2026-01-01 18:19:34,558 [INFO] [WORKER] heartbeat (ts=1767259174.558548)
2026-01-01 18:19:44,586 [INFO] [WORKER] heartbeat (ts=1767259184.586516)
2026-01-01 18:19:54,634 [INFO] [WORKER] heartbeat (ts=1767259194.634228)
2026-01-01 18:20:04,675 [INFO] [WORKER] heartbeat (ts=1767259204.675693)
2026-01-01 18:20:14,708 [INFO] [WORKER] heartbeat (ts=1767259214.7088609)
2026-01-01 18:20:24,751 [INFO] [WORKER] heartbeat (ts=1767259224.7509398)
2026-01-01 18:20:34,791 [INFO] [WORKER] heartbeat (ts=1767259234.790988)
2026-01-01 18:20:44,833 [INFO] [WORKER] heartbeat (ts=1767259244.833824)
2026-01-01 18:20:54,871 [INFO] [WORKER] heartbeat (ts=1767259254.8714418)
2026-01-01 18:20:59,565 [INFO] [UPLOAD] pdf saved: ./data/AutomotiveSPICE_PAM_31_Korean.pdf (2926253 bytes)
2026-01-01 18:21:04,777 [INFO] [UPLOAD] pdf saved: ./data/AutomotiveSPICE_PAM_31_Korean.pdf (2926253 bytes)
2026-01-01 18:21:04,911 [INFO] [WORKER] heartbeat (ts=1767259264.911627)
2026-01-01 18:21:11,649 [INFO] [UPLOAD] pdf saved: ./data/AutomotiveSPICE_PAM_31_Korean.pdf (2926253 bytes)
2026-01-01 18:21:14,945 [INFO] [WORKER] heartbeat (ts=1767259274.945108)
2026-01-01 18:21:34,796 [INFO] [UPLOAD] pdf saved: ./data/AutomotiveSPICE_PAM_31_Korean.pdf (2926253 bytes)
